     1 00000000                                 ;hello-os
     2 00000000                                 ;TAB=4
     3 00000000                                 
     4                                          ORG   0x7c00
     5 00007C00 EB 48                           JMP   entry
     6 00007C02 90                              DB    0x90
     7 00007C03 48 45 4C 4C 4F 49 50 4C         DB    "HELLOIPL"
     8 00007C0B 0200                            DW    512
     9 00007C0D 01                              DB    1
    10 00007C0E 0001                            DW    1
    11 00007C10 02                              DB    2
    12 00007C11 00E0                            DW    224
    13 00007C13 0B40                            DW    2880
    14 00007C15 F0                              DB    0xf0
    15 00007C16 0009                            DW    9
    16 00007C18 0012                            DW    18
    17 00007C1A 0002                            DW    2
    18 00007C1C 00000000                        DD    0
    19 00007C20 00000B40                        DD    2880
    20 00007C24 00 00 29                        DB    0,0,0x29
    21 00007C27 FFFFFFFF                        DD    0xffffffff
    22 00007C2B 48 45 4C 4C 4F 2D 4F 53         DB    "HELLO-OS"
    23 00007C33 46 41 54 31 32                  DB    "FAT12"
    24 00007C38 00 00 00 00 00 00 00 00 00 00   RESB  18
       00007C42 00 00 00 00 00 00 00 00 
    25 00007C4A                                 
    26 00007C4A                                 entry:
    27 00007C4A B8 0000                             MOV     AX,0
    28 00007C4D 8E D0                               MOV     SS,AX
    29 00007C4F BC 7C00                             MOV     SP,0x7c00
    30 00007C52 8E D8                               MOV     DS,AX
    31 00007C54 8E C0                               MOV     ES,AX
    32 00007C56 BE 7C6E                             MOV     SI,msg
    33 00007C59                                 
    34 00007C59                                 putloop:
    35 00007C59 8A 04                               MOV     AL,[SI]
    36 00007C5B 83 C6 01                            ADD     SI,1
    37 00007C5E 3C 00                               CMP     AL,0
    38 00007C60 74 09                               JE      fin
    39 00007C62 B4 0E                               MOV     AH,0x0e
    40 00007C64 BB 000F                             MOV     BX,15
    41 00007C67 CD 10                               INT     0x10
    42 00007C69 EB EE                               JMP     putloop
    43 00007C6B                                 fin:
    44 00007C6B F4                                  HLT
    45 00007C6C EB FD                               JMP     fin
    46 00007C6E                                 msg:
    47 00007C6E 0A 0A                               DB      0x0a,0x0a
    48 00007C70 68 65 6C 6C 6F 2C 77 6F 72 6C       DB      "hello,world"
       00007C7A 64 
    49 00007C7B 0A                                  DB      0x0a
    50 00007C7C 00                                  DB      0
    51 00007C7D 00 00 00 00 00 00 00 00 00 00       RESB    0x7dfe-$
       00007C87 00 00 00 00 00 00 00 00 00 00 
       00007C91 00 00 00 00 00 00 00 00 00 00 
       00007C9B 00 00 00 00 00 00 00 00 00 00 
       00007CA5 00 00 00 00 00 00 00 00 00 00 
       00007CAF 00 00 00 00 00 00 00 00 00 00 
       00007CB9 00 00 00 00 00 00 00 00 00 00 
       00007CC3 00 00 00 00 00 00 00 00 00 00 
       00007CCD 00 00 00 00 00 00 00 00 00 00 
       00007CD7 00 00 00 00 00 00 00 00 00 00 
       00007CE1 00 00 00 00 00 00 00 00 00 00 
       00007CEB 00 00 00 00 00 00 00 00 00 00 
       00007CF5 00 00 00 00 00 00 00 00 00 00 
       00007CFF 00 00 00 00 00 00 00 00 00 00 
       00007D09 00 00 00 00 00 00 00 00 00 00 
       00007D13 00 00 00 00 00 00 00 00 00 00 
       00007D1D 00 00 00 00 00 00 00 00 00 00 
       00007D27 00 00 00 00 00 00 00 00 00 00 
       00007D31 00 00 00 00 00 00 00 00 00 00 
       00007D3B 00 00 00 00 00 00 00 00 00 00 
       00007D45 00 00 00 00 00 00 00 00 00 00 
       00007D4F 00 00 00 00 00 00 00 00 00 00 
       00007D59 00 00 00 00 00 00 00 00 00 00 
       00007D63 00 00 00 00 00 00 00 00 00 00 
       00007D6D 00 00 00 00 00 00 00 00 00 00 
       00007D77 00 00 00 00 00 00 00 00 00 00 
       00007D81 00 00 00 00 00 00 00 00 00 00 
       00007D8B 00 00 00 00 00 00 00 00 00 00 
       00007D95 00 00 00 00 00 00 00 00 00 00 
       00007D9F 00 00 00 00 00 00 00 00 00 00 
       00007DA9 00 00 00 00 00 00 00 00 00 00 
       00007DB3 00 00 00 00 00 00 00 00 00 00 
       00007DBD 00 00 00 00 00 00 00 00 00 00 
       00007DC7 00 00 00 00 00 00 00 00 00 00 
       00007DD1 00 00 00 00 00 00 00 00 00 00 
       00007DDB 00 00 00 00 00 00 00 00 00 00 
       00007DE5 00 00 00 00 00 00 00 00 00 00 
       00007DEF 00 00 00 00 00 00 00 00 00 00 
       00007DF9 00 00 00 00 00 
    52 00007DFE 55 AA                               DB      0x55,0xaa
